DEBUG - 2025-06-12 01:34:48 --> Session: Class initialized using 'CodeIgniter\Session\Handlers\FileHandler' driver.
WARNING - 2025-06-12 01:34:49 --> [DEPRECATED] Creation of dynamic property App\Controllers\AuthController::$user is deprecated in APPPATH\Controllers\AuthController.php on line 14.
 1 SYSTEMPATH\CodeIgniter.php(903): App\Controllers\AuthController->__construct()
 2 SYSTEMPATH\CodeIgniter.php(498): CodeIgniter\CodeIgniter->createController()
 3 SYSTEMPATH\CodeIgniter.php(354): CodeIgniter\CodeIgniter->handleRequest(null, Object(Config\Cache), false)
 4 SYSTEMPATH\Boot.php(334): CodeIgniter\CodeIgniter->run()
 5 SYSTEMPATH\Boot.php(67): CodeIgniter\Boot::runCodeIgniter(Object(CodeIgniter\CodeIgniter))
 6 FCPATH\index.php(56): CodeIgniter\Boot::bootWeb(Object(Config\Paths))
 7 SYSTEMPATH\rewrite.php(44): require_once('C:\\xampp\\htdocs\\PWL_Library-main\\public\\index.php')
DEBUG - 2025-06-12 01:34:49 --> Session: Class initialized using 'CodeIgniter\Session\Handlers\FileHandler' driver.
WARNING - 2025-06-12 01:39:44 --> [DEPRECATED] Creation of dynamic property App\Controllers\AuthController::$user is deprecated in APPPATH\Controllers\AuthController.php on line 14.
 1 SYSTEMPATH\CodeIgniter.php(903): App\Controllers\AuthController->__construct()
 2 SYSTEMPATH\CodeIgniter.php(498): CodeIgniter\CodeIgniter->createController()
 3 SYSTEMPATH\CodeIgniter.php(354): CodeIgniter\CodeIgniter->handleRequest(null, Object(Config\Cache), false)
 4 SYSTEMPATH\Boot.php(334): CodeIgniter\CodeIgniter->run()
 5 SYSTEMPATH\Boot.php(67): CodeIgniter\Boot::runCodeIgniter(Object(CodeIgniter\CodeIgniter))
 6 FCPATH\index.php(56): CodeIgniter\Boot::bootWeb(Object(Config\Paths))
 7 SYSTEMPATH\rewrite.php(44): require_once('C:\\xampp\\htdocs\\PWL_Library-main\\public\\index.php')
DEBUG - 2025-06-12 08:39:45 --> Session: Class initialized using 'CodeIgniter\Session\Handlers\FileHandler' driver.
DEBUG - 2025-06-12 01:39:45 --> Session: Class initialized using 'CodeIgniter\Session\Handlers\FileHandler' driver.
DEBUG - 2025-06-12 02:30:30 --> Session: Class initialized using 'CodeIgniter\Session\Handlers\FileHandler' driver.
DEBUG - 2025-06-12 02:30:32 --> Session: Class initialized using 'CodeIgniter\Session\Handlers\FileHandler' driver.
INFO - 2025-06-12 02:30:32 --> Cart Class Initialized
DEBUG - 2025-06-12 02:30:37 --> Session: Class initialized using 'CodeIgniter\Session\Handlers\FileHandler' driver.
DEBUG - 2025-06-12 02:30:37 --> Session: Class initialized using 'CodeIgniter\Session\Handlers\FileHandler' driver.
DEBUG - 2025-06-12 02:30:41 --> Session: Class initialized using 'CodeIgniter\Session\Handlers\FileHandler' driver.
DEBUG - 2025-06-12 02:30:44 --> Session: Class initialized using 'CodeIgniter\Session\Handlers\FileHandler' driver.
INFO - 2025-06-12 02:30:44 --> Cart Class Initialized
DEBUG - 2025-06-12 02:30:44 --> Session: Class initialized using 'CodeIgniter\Session\Handlers\FileHandler' driver.
DEBUG - 2025-06-12 02:30:45 --> Session: Class initialized using 'CodeIgniter\Session\Handlers\FileHandler' driver.
INFO - 2025-06-12 02:30:45 --> Cart Class Initialized
DEBUG - 2025-06-12 02:30:46 --> Session: Class initialized using 'CodeIgniter\Session\Handlers\FileHandler' driver.
DEBUG - 2025-06-12 02:30:50 --> Session: Class initialized using 'CodeIgniter\Session\Handlers\FileHandler' driver.
INFO - 2025-06-12 02:30:50 --> Cart Class Initialized
DEBUG - 2025-06-12 02:34:15 --> Session: Class initialized using 'CodeIgniter\Session\Handlers\FileHandler' driver.
INFO - 2025-06-12 02:34:15 --> Cart Class Initialized
DEBUG - 2025-06-12 02:34:20 --> Session: Class initialized using 'CodeIgniter\Session\Handlers\FileHandler' driver.
INFO - 2025-06-12 02:34:20 --> Cart Class Initialized
DEBUG - 2025-06-12 03:00:46 --> Session: Class initialized using 'CodeIgniter\Session\Handlers\FileHandler' driver.
INFO - 2025-06-12 03:00:46 --> Cart Class Initialized
DEBUG - 2025-06-12 03:01:04 --> Session: Class initialized using 'CodeIgniter\Session\Handlers\FileHandler' driver.
INFO - 2025-06-12 03:01:04 --> Cart Class Initialized
DEBUG - 2025-06-12 03:01:08 --> Session: Class initialized using 'CodeIgniter\Session\Handlers\FileHandler' driver.
INFO - 2025-06-12 03:01:08 --> Cart Class Initialized
DEBUG - 2025-06-12 03:02:05 --> Session: Class initialized using 'CodeIgniter\Session\Handlers\FileHandler' driver.
INFO - 2025-06-12 03:02:05 --> Cart Class Initialized
CRITICAL - 2025-06-12 03:02:05 --> GuzzleHttp\Exception\ClientException: Client error: `GET https://rajaongkir.komerce.id/api/v1/destination/domestic-destination?search=gutitan&limit=50` resulted in a `404 Not Found` response:
{"meta":{"message":"Domestic Destinations Data not found","code":404,"status":"error"},"data":null}

[Method: GET, Route: get-location]
in VENDORPATH\guzzlehttp\guzzle\src\Exception\RequestException.php on line 111.
 1 VENDORPATH\guzzlehttp\guzzle\src\Middleware.php(72): GuzzleHttp\Exception\RequestException::create(Object(GuzzleHttp\Psr7\Request), Object(GuzzleHttp\Psr7\Response), null, [], null)
 2 VENDORPATH\guzzlehttp\promises\src\Promise.php(209): GuzzleHttp\Middleware::GuzzleHttp\{closure}(Object(GuzzleHttp\Psr7\Response))
 3 VENDORPATH\guzzlehttp\promises\src\Promise.php(158): GuzzleHttp\Promise\Promise::callHandler(1, Object(GuzzleHttp\Psr7\Response), null)
 4 VENDORPATH\guzzlehttp\promises\src\TaskQueue.php(52): GuzzleHttp\Promise\Promise::GuzzleHttp\Promise\{closure}()
 5 VENDORPATH\guzzlehttp\promises\src\Promise.php(251): GuzzleHttp\Promise\TaskQueue->run(true)
 6 VENDORPATH\guzzlehttp\promises\src\Promise.php(227): GuzzleHttp\Promise\Promise->invokeWaitFn()
 7 VENDORPATH\guzzlehttp\promises\src\Promise.php(272): GuzzleHttp\Promise\Promise->waitIfPending()
 8 VENDORPATH\guzzlehttp\promises\src\Promise.php(229): GuzzleHttp\Promise\Promise->invokeWaitList()
 9 VENDORPATH\guzzlehttp\promises\src\Promise.php(69): GuzzleHttp\Promise\Promise->waitIfPending()
10 VENDORPATH\guzzlehttp\guzzle\src\Client.php(189): GuzzleHttp\Promise\Promise->wait()
11 APPPATH\Controllers\TransaksiController.php(84): GuzzleHttp\Client->request('GET', 'https://rajaongkir.komerce.id/api/v1/destination/domestic-destination?search=gutitan&limit=50', [...])
12 SYSTEMPATH\CodeIgniter.php(933): App\Controllers\TransaksiController->getLocation()
13 SYSTEMPATH\CodeIgniter.php(507): CodeIgniter\CodeIgniter->runController(Object(App\Controllers\TransaksiController))
14 SYSTEMPATH\CodeIgniter.php(354): CodeIgniter\CodeIgniter->handleRequest(null, Object(Config\Cache), false)
15 SYSTEMPATH\Boot.php(334): CodeIgniter\CodeIgniter->run()
16 SYSTEMPATH\Boot.php(67): CodeIgniter\Boot::runCodeIgniter(Object(CodeIgniter\CodeIgniter))
17 FCPATH\index.php(56): CodeIgniter\Boot::bootWeb(Object(Config\Paths))
18 SYSTEMPATH\rewrite.php(44): require_once('C:\\xampp\\htdocs\\PWL_Library-main\\public\\index.php')
DEBUG - 2025-06-12 03:02:17 --> Session: Class initialized using 'CodeIgniter\Session\Handlers\FileHandler' driver.
INFO - 2025-06-12 03:02:17 --> Cart Class Initialized
DEBUG - 2025-06-12 03:02:19 --> Session: Class initialized using 'CodeIgniter\Session\Handlers\FileHandler' driver.
INFO - 2025-06-12 03:02:19 --> Cart Class Initialized
DEBUG - 2025-06-12 03:02:23 --> Session: Class initialized using 'CodeIgniter\Session\Handlers\FileHandler' driver.
INFO - 2025-06-12 03:02:23 --> Cart Class Initialized
DEBUG - 2025-06-12 03:03:29 --> Session: Class initialized using 'CodeIgniter\Session\Handlers\FileHandler' driver.
INFO - 2025-06-12 03:03:29 --> Cart Class Initialized
DEBUG - 2025-06-12 03:03:45 --> Session: Class initialized using 'CodeIgniter\Session\Handlers\FileHandler' driver.
INFO - 2025-06-12 03:03:45 --> Cart Class Initialized
DEBUG - 2025-06-12 03:05:34 --> Session: Class initialized using 'CodeIgniter\Session\Handlers\FileHandler' driver.
INFO - 2025-06-12 03:05:34 --> Cart Class Initialized
CRITICAL - 2025-06-12 03:05:34 --> ErrorException: Undefined property: App\Controllers\TransaksiController::$transaction
[Method: POST, Route: buy]
in APPPATH\Controllers\TransaksiController.php on line 150.
 1 APPPATH\Controllers\TransaksiController.php(150): CodeIgniter\Debug\Exceptions->errorHandler(2, 'Undefined property: App\\Controllers\\TransaksiController::$transaction', 'C:\\xampp\\htdocs\\PWL_Library-main\\app\\Controllers\\TransaksiController.php', 150)
 2 SYSTEMPATH\CodeIgniter.php(933): App\Controllers\TransaksiController->buy()
 3 SYSTEMPATH\CodeIgniter.php(507): CodeIgniter\CodeIgniter->runController(Object(App\Controllers\TransaksiController))
 4 SYSTEMPATH\CodeIgniter.php(354): CodeIgniter\CodeIgniter->handleRequest(null, Object(Config\Cache), false)
 5 SYSTEMPATH\Boot.php(334): CodeIgniter\CodeIgniter->run()
 6 SYSTEMPATH\Boot.php(67): CodeIgniter\Boot::runCodeIgniter(Object(CodeIgniter\CodeIgniter))
 7 FCPATH\index.php(56): CodeIgniter\Boot::bootWeb(Object(Config\Paths))
 8 SYSTEMPATH\rewrite.php(44): require_once('C:\\xampp\\htdocs\\PWL_Library-main\\public\\index.php')
DEBUG - 2025-06-12 03:08:48 --> Session: Class initialized using 'CodeIgniter\Session\Handlers\FileHandler' driver.
INFO - 2025-06-12 03:08:48 --> Cart Class Initialized
DEBUG - 2025-06-12 03:08:58 --> Session: Class initialized using 'CodeIgniter\Session\Handlers\FileHandler' driver.
INFO - 2025-06-12 03:08:58 --> Cart Class Initialized
DEBUG - 2025-06-12 03:09:00 --> Session: Class initialized using 'CodeIgniter\Session\Handlers\FileHandler' driver.
INFO - 2025-06-12 03:09:00 --> Cart Class Initialized
DEBUG - 2025-06-12 03:09:03 --> Session: Class initialized using 'CodeIgniter\Session\Handlers\FileHandler' driver.
INFO - 2025-06-12 03:09:03 --> Cart Class Initialized
DEBUG - 2025-06-12 03:09:04 --> Session: Class initialized using 'CodeIgniter\Session\Handlers\FileHandler' driver.
INFO - 2025-06-12 03:09:04 --> Cart Class Initialized
DEBUG - 2025-06-12 03:09:04 --> Session: Class initialized using 'CodeIgniter\Session\Handlers\FileHandler' driver.
